2025-4-23 17:06:00-debug: start **** info
2025-4-23 17:06:01-log: Cannot access game frame or container.
2025-4-23 17:06:01-debug: asset-db:require-engine-code (716ms)
2025-4-23 17:06:01-log: meshopt wasm decoder initialized
2025-4-23 17:06:01-log: [box2d]:box2d wasm lib loaded.
2025-4-23 17:06:01-log: [bullet]:bullet wasm lib loaded.
2025-4-23 17:06:01-log: Cocos Creator v3.8.4
2025-4-23 17:06:01-log: Using legacy pipeline
2025-4-23 17:06:01-debug: [Assets Memory track]: asset-db:worker-init: initEngine start:23.32MB, end 81.42MB, increase: 58.11MB
2025-4-23 17:06:03-debug: [Assets Memory track]: asset-db-plugin-register: builder start:85.88MB, end 170.53MB, increase: 84.65MB
2025-4-23 17:06:02-debug: [Assets Memory track]: asset-db-plugin-register: programming start:82.23MB, end 85.85MB, increase: 3.63MB
2025-4-23 17:06:01-log: Forward render pipeline initialized.
2025-4-23 17:06:03-debug: [Assets Memory track]: asset-db-plugin-register: engine-extends start:170.76MB, end 174.03MB, increase: 3.26MB
2025-4-23 17:06:03-debug: [Assets Memory track]: asset-db:worker-init: initPlugin start:81.44MB, end 174.13MB, increase: 92.69MB
2025-4-23 17:06:03-debug: [Assets Memory track]: asset-db-plugin-register: project start:82.09MB, end 174.10MB, increase: 92.01MB
2025-4-23 17:06:03-debug: run package(xiaomi-quick-game) handler(enable) start
2025-4-23 17:06:03-debug: run package(xiaomi-quick-game) handler(enable) success!
2025-4-23 17:06:03-debug: run package(cocos-service) handler(enable) start
2025-4-23 17:06:03-debug: run package(cocos-service) handler(enable) success!
2025-4-23 17:06:03-debug: run package(im-plugin) handler(enable) start
2025-4-23 17:06:03-debug: run package(placeholder) handler(enable) start
2025-4-23 17:06:03-debug: run package(im-plugin) handler(enable) success!
2025-4-23 17:06:03-debug: run package(placeholder) handler(enable) success!
2025-4-23 17:06:03-debug: asset-db:worker-init: initPlugin (1585ms)
2025-4-23 17:06:03-debug: [Assets Memory track]: asset-db:worker-init start:23.31MB, end 174.50MB, increase: 151.19MB
2025-4-23 17:06:03-debug: Run asset db hook programming:beforePreStart ...
2025-4-23 17:06:03-debug: Run asset db hook engine-extends:beforePreStart ...
2025-4-23 17:06:03-debug: Run asset db hook engine-extends:beforePreStart success!
2025-4-23 17:06:03-debug: Run asset db hook programming:beforePreStart success!
2025-4-23 17:06:03-debug: asset-db:worker-init (2635ms)
2025-4-23 17:06:03-debug: asset-db-hook-programming-beforePreStart (60ms)
2025-4-23 17:06:03-debug: asset-db-hook-engine-extends-beforePreStart (59ms)
2025-4-23 17:06:03-debug: Preimport db internal success
2025-4-23 17:06:03-debug: Preimport db assets success
2025-4-23 17:06:03-debug: Run asset db hook programming:afterPreStart ...
2025-4-23 17:06:03-debug: starting packer-driver...
2025-4-23 17:06:03-debug: initialize scripting environment...
2025-4-23 17:06:03-debug: Set detail map pack:///resolution-detail-map.json: {}
2025-4-23 17:06:03-debug: Run asset db hook programming:afterPreStart success!
2025-4-23 17:06:03-debug: Run asset db hook engine-extends:afterPreStart success!
2025-4-23 17:06:03-debug: Start up the 'internal' database...
2025-4-23 17:06:03-debug: Run asset db hook engine-extends:afterPreStart ...
2025-4-23 17:06:04-debug: asset-db-hook-programming-afterPreStart (712ms)
2025-4-23 17:06:04-debug: asset-db:worker-effect-data-processing (266ms)
2025-4-23 17:06:04-debug: asset-db-hook-engine-extends-afterPreStart (266ms)
2025-4-23 17:06:04-debug: [Assets Memory track]: asset-db:worker-startup-database[internal] start:174.60MB, end 187.14MB, increase: 12.54MB
2025-4-23 17:06:04-debug: Start up the 'assets' database...
2025-4-23 17:06:04-debug: asset-db:worker-startup-database[internal] (907ms)
2025-4-23 17:06:04-debug: [Assets Memory track]: asset-db:worker-startup-database[assets] start:174.99MB, end 186.36MB, increase: 11.36MB
2025-4-23 17:06:04-debug: [Assets Memory track]: asset-db:worker-init: startup start:172.24MB, end 186.37MB, increase: 14.13MB
2025-4-23 17:06:04-debug: lazy register asset handler text
2025-4-23 17:06:04-debug: lazy register asset handler directory
2025-4-23 17:06:04-debug: lazy register asset handler spine-data
2025-4-23 17:06:04-debug: lazy register asset handler dragonbones
2025-4-23 17:06:04-debug: lazy register asset handler dragonbones-atlas
2025-4-23 17:06:04-debug: lazy register asset handler json
2025-4-23 17:06:04-debug: lazy register asset handler terrain
2025-4-23 17:06:04-debug: lazy register asset handler javascript
2025-4-23 17:06:04-debug: lazy register asset handler *
2025-4-23 17:06:04-debug: lazy register asset handler typescript
2025-4-23 17:06:04-debug: lazy register asset handler sprite-frame
2025-4-23 17:06:04-debug: lazy register asset handler scene
2025-4-23 17:06:04-debug: lazy register asset handler prefab
2025-4-23 17:06:04-debug: lazy register asset handler tiled-map
2025-4-23 17:06:04-debug: lazy register asset handler buffer
2025-4-23 17:06:04-debug: lazy register asset handler sign-image
2025-4-23 17:06:04-debug: lazy register asset handler alpha-image
2025-4-23 17:06:04-debug: lazy register asset handler image
2025-4-23 17:06:04-debug: lazy register asset handler texture
2025-4-23 17:06:04-debug: lazy register asset handler erp-texture-cube
2025-4-23 17:06:04-debug: lazy register asset handler texture-cube-face
2025-4-23 17:06:04-debug: lazy register asset handler texture-cube
2025-4-23 17:06:04-debug: lazy register asset handler rt-sprite-frame
2025-4-23 17:06:04-debug: lazy register asset handler gltf-mesh
2025-4-23 17:06:04-debug: lazy register asset handler render-texture
2025-4-23 17:06:04-debug: lazy register asset handler gltf
2025-4-23 17:06:04-debug: lazy register asset handler gltf-skeleton
2025-4-23 17:06:04-debug: lazy register asset handler gltf-animation
2025-4-23 17:06:04-debug: lazy register asset handler gltf-material
2025-4-23 17:06:04-debug: lazy register asset handler gltf-embeded-image
2025-4-23 17:06:04-debug: lazy register asset handler material
2025-4-23 17:06:04-debug: lazy register asset handler gltf-scene
2025-4-23 17:06:04-debug: lazy register asset handler physics-material
2025-4-23 17:06:04-debug: lazy register asset handler effect-header
2025-4-23 17:06:04-debug: lazy register asset handler audio-clip
2025-4-23 17:06:04-debug: lazy register asset handler fbx
2025-4-23 17:06:04-debug: lazy register asset handler effect
2025-4-23 17:06:04-debug: lazy register asset handler animation-clip
2025-4-23 17:06:04-debug: lazy register asset handler animation-graph
2025-4-23 17:06:04-debug: lazy register asset handler animation-graph-variant
2025-4-23 17:06:04-debug: lazy register asset handler ttf-font
2025-4-23 17:06:04-debug: lazy register asset handler bitmap-font
2025-4-23 17:06:04-debug: lazy register asset handler sprite-atlas
2025-4-23 17:06:04-debug: lazy register asset handler animation-mask
2025-4-23 17:06:04-debug: lazy register asset handler label-atlas
2025-4-23 17:06:04-debug: lazy register asset handler render-pipeline
2025-4-23 17:06:04-debug: lazy register asset handler render-stage
2025-4-23 17:06:04-debug: lazy register asset handler auto-atlas
2025-4-23 17:06:04-debug: lazy register asset handler render-flow
2025-4-23 17:06:04-debug: lazy register asset handler instantiation-mesh
2025-4-23 17:06:04-debug: lazy register asset handler instantiation-material
2025-4-23 17:06:04-debug: lazy register asset handler instantiation-skeleton
2025-4-23 17:06:04-debug: lazy register asset handler instantiation-animation
2025-4-23 17:06:04-debug: lazy register asset handler video-clip
2025-4-23 17:06:04-debug: lazy register asset handler particle
2025-4-23 17:06:04-debug: asset-db:worker-startup-database[assets] (885ms)
2025-4-23 17:06:04-debug: asset-db:start-database (971ms)
2025-4-23 17:06:04-debug: asset-db:ready (6061ms)
2025-4-23 17:06:04-debug: init worker message success
2025-4-23 17:06:04-debug: [Build Memory track]: builder:worker-init start:189.82MB, end 198.18MB, increase: 8.36MB
2025-4-23 17:06:04-debug: programming:execute-script (5ms)
2025-4-23 17:06:04-debug: builder:worker-init (404ms)
2025-4-23 17:07:46-debug: refresh db internal success
2025-4-23 17:07:46-debug: refresh db assets success
2025-4-23 17:07:46-debug: Run asset db hook engine-extends:afterRefresh ...
2025-4-23 17:07:46-debug: Run asset db hook engine-extends:afterRefresh success!
2025-4-23 17:07:46-debug: asset-db:refresh-all-database (97ms)
2025-4-23 17:07:46-debug: asset-db:worker-effect-data-processing (1ms)
2025-4-23 17:07:46-debug: asset-db-hook-engine-extends-afterRefresh (1ms)
