2025-4-23 17:05:57 - log: Load engine in C:\ProgramData\cocos\editors\Creator\3.8.4\resources\resources\3d\engine
2025-4-23 17:05:57 - log: Register native engine in C:\ProgramData\cocos\editors\Creator\3.8.4\resources\resources\3d\engine\native
2025-4-23 17:05:58 - log: Request namespace: device-list
2025-4-23 17:06:05 - log: [Scene] meshopt wasm decoder initialized
2025-4-23 17:06:05 - log: [Scene] [box2d]:box2d wasm lib loaded.
2025-4-23 17:06:05 - log: [Scene] [bullet]:bullet wasm lib loaded.
2025-4-23 17:06:05 - log: [Scene] [PHYSICS]: using builtin.
2025-4-23 17:06:05 - log: [Scene] Cocos Creator v3.8.4
2025-4-23 17:06:05 - log: [Scene] Using custom pipeline: Builtin
2025-4-23 17:06:05 - error: [Scene] A Class already exists with the same __cid__ : oneToMultiListener. Error: [Scene] A Class already exists with the same __cid__ : oneToMultiListener. 
    at console.error (C:\ProgramData\cocos\editors\Creator\3.8.4\resources\app.asar\node_modules\@sentry\src\instrument\console.ts:40:20)
    at error (C:\ProgramData\cocos\editors\Creator\3.8.4\resources\resources\3d\engine\bin\.cache\dev\editor\bundled\index.js:154636:12)
    at errorID (C:\ProgramData\cocos\editors\Creator\3.8.4\resources\resources\3d\engine\bin\.cache\dev\editor\bundled\index.js:154814:5)
    at eval (C:\ProgramData\cocos\editors\Creator\3.8.4\resources\resources\3d\engine\bin\.cache\dev\editor\bundled\index.js:157887:11)
    at Module.setClassName (C:\ProgramData\cocos\editors\Creator\3.8.4\resources\resources\3d\engine\bin\.cache\dev\editor\bundled\index.js:157922:9)
    at doDefine (C:\ProgramData\cocos\editors\Creator\3.8.4\resources\resources\3d\engine\bin\.cache\dev\editor\bundled\index.js:135517:8)
    at define (C:\ProgramData\cocos\editors\Creator\3.8.4\resources\resources\3d\engine\bin\.cache\dev\editor\bundled\index.js:135534:17)
    at CCClass (C:\ProgramData\cocos\editors\Creator\3.8.4\resources\resources\3d\engine\bin\.cache\dev\editor\bundled\index.js:135634:17)
    at eval (C:\ProgramData\cocos\editors\Creator\3.8.4\resources\resources\3d\engine\bin\.cache\dev\editor\bundled\index.js:271795:21)
    at eval (C:\ProgramData\cocos\editors\Creator\3.8.4\resources\resources\3d\engine\bin\.cache\dev\editor\bundled\index.js:272806:18)
    at Object.execute (file:///E:/cocos/project/CrazyGame/temp/programming/packer-driver/targets/editor/chunks/9a/9ada7d8c23ba1a5098242c1b1d99bff444dfd640.js:25:97)
    at doExec (C:\ProgramData\cocos\editors\Creator\3.8.4\resources\app.asar\node_modules\@editor\lib-programming\static\executor\systemjs-bridge\out\index.js:517:30)
    at postOrderExec (C:\ProgramData\cocos\editors\Creator\3.8.4\resources\app.asar\node_modules\@editor\lib-programming\static\executor\systemjs-bridge\out\index.js:508:21)
    at C:\ProgramData\cocos\editors\Creator\3.8.4\resources\app.asar\node_modules\@editor\lib-programming\static\executor\systemjs-bridge\out\index.js:493:28
    at Array.forEach (<anonymous>)
    at postOrderExec (C:\ProgramData\cocos\editors\Creator\3.8.4\resources\app.asar\node_modules\@editor\lib-programming\static\executor\systemjs-bridge\out\index.js:491:10)
    at C:\ProgramData\cocos\editors\Creator\3.8.4\resources\app.asar\node_modules\@editor\lib-programming\static\executor\systemjs-bridge\out\index.js:493:28
    at Array.forEach (<anonymous>)
    at postOrderExec (C:\ProgramData\cocos\editors\Creator\3.8.4\resources\app.asar\node_modules\@editor\lib-programming\static\executor\systemjs-bridge\out\index.js:491:10)
    at C:\ProgramData\cocos\editors\Creator\3.8.4\resources\app.asar\node_modules\@editor\lib-programming\static\executor\systemjs-bridge\out\index.js:493:28
    at Array.forEach (<anonymous>)
    at postOrderExec (C:\ProgramData\cocos\editors\Creator\3.8.4\resources\app.asar\node_modules\@editor\lib-programming\static\executor\systemjs-bridge\out\index.js:491:10)
    at C:\ProgramData\cocos\editors\Creator\3.8.4\resources\app.asar\node_modules\@editor\lib-programming\static\executor\systemjs-bridge\out\index.js:440:12
    at file:///E:/cocos/project/CrazyGame/temp/programming/packer-driver/targets/editor/chunks/6d/6d8fd2b0177941b032ddc0733af48a561fb60657.js:13:13
    at Object.execute (file:///E:/cocos/project/CrazyGame/temp/programming/packer-driver/targets/editor/chunks/6d/6d8fd2b0177941b032ddc0733af48a561fb60657.js:8:7)
    at Executor._importPrerequisiteModules (C:\ProgramData\cocos\editors\Creator\3.8.4\resources\app.asar\node_modules\@editor\lib-programming\src\executor\index.ts:316:13)
    at Executor.reload (C:\ProgramData\cocos\editors\Creator\3.8.4\resources\app.asar\node_modules\@editor\lib-programming\src\executor\index.ts:203:13)
    at GlobalEnv.record (C:\ProgramData\cocos\editors\Creator\3.8.4\resources\app.asar\builtin\scene\dist\script\3d\manager\scripts.ccc:1:1732)
    at ScriptManager.init (C:\ProgramData\cocos\editors\Creator\3.8.4\resources\app.asar\builtin\scene\dist\script\3d\manager\scripts.ccc:1:3569)
    at EngineStartup.openEngine (C:\ProgramData\cocos\editors\Creator\3.8.4\resources\app.asar\builtin\scene\dist\script\3d\manager\startup\engine\index.ccc:1:4229)
    at StartupManager.configEngine (C:\ProgramData\cocos\editors\Creator\3.8.4\resources\app.asar\builtin\scene\dist\script\3d\manager\startup\index.ccc:1:1668)
    at StartupManager.initEngine (C:\ProgramData\cocos\editors\Creator\3.8.4\resources\app.asar\builtin\scene\dist\script\3d\manager\startup\index.ccc:1:2173)
2025-4-23 17:06:05 - error: [Scene] A Class already exists with the same __cid__ : clientEvent. Error: [Scene] A Class already exists with the same __cid__ : clientEvent. 
    at console.error (C:\ProgramData\cocos\editors\Creator\3.8.4\resources\app.asar\node_modules\@sentry\src\instrument\console.ts:40:20)
    at error (C:\ProgramData\cocos\editors\Creator\3.8.4\resources\resources\3d\engine\bin\.cache\dev\editor\bundled\index.js:154636:12)
    at errorID (C:\ProgramData\cocos\editors\Creator\3.8.4\resources\resources\3d\engine\bin\.cache\dev\editor\bundled\index.js:154814:5)
    at eval (C:\ProgramData\cocos\editors\Creator\3.8.4\resources\resources\3d\engine\bin\.cache\dev\editor\bundled\index.js:157887:11)
    at Module.setClassName (C:\ProgramData\cocos\editors\Creator\3.8.4\resources\resources\3d\engine\bin\.cache\dev\editor\bundled\index.js:157922:9)
    at doDefine (C:\ProgramData\cocos\editors\Creator\3.8.4\resources\resources\3d\engine\bin\.cache\dev\editor\bundled\index.js:135517:8)
    at define (C:\ProgramData\cocos\editors\Creator\3.8.4\resources\resources\3d\engine\bin\.cache\dev\editor\bundled\index.js:135534:17)
    at CCClass (C:\ProgramData\cocos\editors\Creator\3.8.4\resources\resources\3d\engine\bin\.cache\dev\editor\bundled\index.js:135634:17)
    at eval (C:\ProgramData\cocos\editors\Creator\3.8.4\resources\resources\3d\engine\bin\.cache\dev\editor\bundled\index.js:271795:21)
    at eval (C:\ProgramData\cocos\editors\Creator\3.8.4\resources\resources\3d\engine\bin\.cache\dev\editor\bundled\index.js:272806:18)
    at Object.execute (file:///E:/cocos/project/CrazyGame/temp/programming/packer-driver/targets/editor/chunks/12/12477ab15479ab2cebca31dc73db2f90dd815229.js:33:76)
    at doExec (C:\ProgramData\cocos\editors\Creator\3.8.4\resources\app.asar\node_modules\@editor\lib-programming\static\executor\systemjs-bridge\out\index.js:517:30)
    at postOrderExec (C:\ProgramData\cocos\editors\Creator\3.8.4\resources\app.asar\node_modules\@editor\lib-programming\static\executor\systemjs-bridge\out\index.js:508:21)
    at C:\ProgramData\cocos\editors\Creator\3.8.4\resources\app.asar\node_modules\@editor\lib-programming\static\executor\systemjs-bridge\out\index.js:493:28
    at Array.forEach (<anonymous>)
    at postOrderExec (C:\ProgramData\cocos\editors\Creator\3.8.4\resources\app.asar\node_modules\@editor\lib-programming\static\executor\systemjs-bridge\out\index.js:491:10)
    at C:\ProgramData\cocos\editors\Creator\3.8.4\resources\app.asar\node_modules\@editor\lib-programming\static\executor\systemjs-bridge\out\index.js:493:28
    at Array.forEach (<anonymous>)
    at postOrderExec (C:\ProgramData\cocos\editors\Creator\3.8.4\resources\app.asar\node_modules\@editor\lib-programming\static\executor\systemjs-bridge\out\index.js:491:10)
    at C:\ProgramData\cocos\editors\Creator\3.8.4\resources\app.asar\node_modules\@editor\lib-programming\static\executor\systemjs-bridge\out\index.js:440:12
    at file:///E:/cocos/project/CrazyGame/temp/programming/packer-driver/targets/editor/chunks/6d/6d8fd2b0177941b032ddc0733af48a561fb60657.js:13:13
    at Object.execute (file:///E:/cocos/project/CrazyGame/temp/programming/packer-driver/targets/editor/chunks/6d/6d8fd2b0177941b032ddc0733af48a561fb60657.js:8:7)
    at Executor._importPrerequisiteModules (C:\ProgramData\cocos\editors\Creator\3.8.4\resources\app.asar\node_modules\@editor\lib-programming\src\executor\index.ts:316:13)
    at Executor.reload (C:\ProgramData\cocos\editors\Creator\3.8.4\resources\app.asar\node_modules\@editor\lib-programming\src\executor\index.ts:203:13)
    at GlobalEnv.record (C:\ProgramData\cocos\editors\Creator\3.8.4\resources\app.asar\builtin\scene\dist\script\3d\manager\scripts.ccc:1:1732)
    at ScriptManager.init (C:\ProgramData\cocos\editors\Creator\3.8.4\resources\app.asar\builtin\scene\dist\script\3d\manager\scripts.ccc:1:3569)
    at EngineStartup.openEngine (C:\ProgramData\cocos\editors\Creator\3.8.4\resources\app.asar\builtin\scene\dist\script\3d\manager\startup\engine\index.ccc:1:4229)
    at StartupManager.configEngine (C:\ProgramData\cocos\editors\Creator\3.8.4\resources\app.asar\builtin\scene\dist\script\3d\manager\startup\index.ccc:1:1668)
    at StartupManager.initEngine (C:\ProgramData\cocos\editors\Creator\3.8.4\resources\app.asar\builtin\scene\dist\script\3d\manager\startup\index.ccc:1:2173)
2025-4-23 17:06:05 - error: [Scene] A Class already exists with the same __cid__ : CardManager. Error: [Scene] A Class already exists with the same __cid__ : CardManager. 
    at console.error (C:\ProgramData\cocos\editors\Creator\3.8.4\resources\app.asar\node_modules\@sentry\src\instrument\console.ts:40:20)
    at error (C:\ProgramData\cocos\editors\Creator\3.8.4\resources\resources\3d\engine\bin\.cache\dev\editor\bundled\index.js:154636:12)
    at errorID (C:\ProgramData\cocos\editors\Creator\3.8.4\resources\resources\3d\engine\bin\.cache\dev\editor\bundled\index.js:154814:5)
    at eval (C:\ProgramData\cocos\editors\Creator\3.8.4\resources\resources\3d\engine\bin\.cache\dev\editor\bundled\index.js:157887:11)
    at Module.setClassName (C:\ProgramData\cocos\editors\Creator\3.8.4\resources\resources\3d\engine\bin\.cache\dev\editor\bundled\index.js:157922:9)
    at doDefine (C:\ProgramData\cocos\editors\Creator\3.8.4\resources\resources\3d\engine\bin\.cache\dev\editor\bundled\index.js:135517:8)
    at define (C:\ProgramData\cocos\editors\Creator\3.8.4\resources\resources\3d\engine\bin\.cache\dev\editor\bundled\index.js:135534:17)
    at CCClass (C:\ProgramData\cocos\editors\Creator\3.8.4\resources\resources\3d\engine\bin\.cache\dev\editor\bundled\index.js:135634:17)
    at eval (C:\ProgramData\cocos\editors\Creator\3.8.4\resources\resources\3d\engine\bin\.cache\dev\editor\bundled\index.js:271795:21)
    at eval (C:\ProgramData\cocos\editors\Creator\3.8.4\resources\resources\3d\engine\bin\.cache\dev\editor\bundled\index.js:272806:18)
    at Object.execute (file:///E:/cocos/project/CrazyGame/temp/programming/packer-driver/targets/editor/chunks/84/849503f2aadce4731d729d9ecf5a08f27a0b28bd.js:36:76)
    at doExec (C:\ProgramData\cocos\editors\Creator\3.8.4\resources\app.asar\node_modules\@editor\lib-programming\static\executor\systemjs-bridge\out\index.js:517:30)
    at postOrderExec (C:\ProgramData\cocos\editors\Creator\3.8.4\resources\app.asar\node_modules\@editor\lib-programming\static\executor\systemjs-bridge\out\index.js:508:21)
    at C:\ProgramData\cocos\editors\Creator\3.8.4\resources\app.asar\node_modules\@editor\lib-programming\static\executor\systemjs-bridge\out\index.js:493:28
    at Array.forEach (<anonymous>)
    at postOrderExec (C:\ProgramData\cocos\editors\Creator\3.8.4\resources\app.asar\node_modules\@editor\lib-programming\static\executor\systemjs-bridge\out\index.js:491:10)
    at C:\ProgramData\cocos\editors\Creator\3.8.4\resources\app.asar\node_modules\@editor\lib-programming\static\executor\systemjs-bridge\out\index.js:440:12
    at file:///E:/cocos/project/CrazyGame/temp/programming/packer-driver/targets/editor/chunks/6d/6d8fd2b0177941b032ddc0733af48a561fb60657.js:13:13
    at Object.execute (file:///E:/cocos/project/CrazyGame/temp/programming/packer-driver/targets/editor/chunks/6d/6d8fd2b0177941b032ddc0733af48a561fb60657.js:8:7)
    at Executor._importPrerequisiteModules (C:\ProgramData\cocos\editors\Creator\3.8.4\resources\app.asar\node_modules\@editor\lib-programming\src\executor\index.ts:316:13)
    at Executor.reload (C:\ProgramData\cocos\editors\Creator\3.8.4\resources\app.asar\node_modules\@editor\lib-programming\src\executor\index.ts:203:13)
    at GlobalEnv.record (C:\ProgramData\cocos\editors\Creator\3.8.4\resources\app.asar\builtin\scene\dist\script\3d\manager\scripts.ccc:1:1732)
    at ScriptManager.init (C:\ProgramData\cocos\editors\Creator\3.8.4\resources\app.asar\builtin\scene\dist\script\3d\manager\scripts.ccc:1:3569)
    at EngineStartup.openEngine (C:\ProgramData\cocos\editors\Creator\3.8.4\resources\app.asar\builtin\scene\dist\script\3d\manager\startup\engine\index.ccc:1:4229)
    at StartupManager.configEngine (C:\ProgramData\cocos\editors\Creator\3.8.4\resources\app.asar\builtin\scene\dist\script\3d\manager\startup\index.ccc:1:1668)
    at StartupManager.initEngine (C:\ProgramData\cocos\editors\Creator\3.8.4\resources\app.asar\builtin\scene\dist\script\3d\manager\startup\index.ccc:1:2173)
2025-4-23 17:06:05 - error: [Scene] A Class already exists with the same __cid__ : BattleManager. Error: [Scene] A Class already exists with the same __cid__ : BattleManager. 
    at console.error (C:\ProgramData\cocos\editors\Creator\3.8.4\resources\app.asar\node_modules\@sentry\src\instrument\console.ts:40:20)
    at error (C:\ProgramData\cocos\editors\Creator\3.8.4\resources\resources\3d\engine\bin\.cache\dev\editor\bundled\index.js:154636:12)
    at errorID (C:\ProgramData\cocos\editors\Creator\3.8.4\resources\resources\3d\engine\bin\.cache\dev\editor\bundled\index.js:154814:5)
    at eval (C:\ProgramData\cocos\editors\Creator\3.8.4\resources\resources\3d\engine\bin\.cache\dev\editor\bundled\index.js:157887:11)
    at Module.setClassName (C:\ProgramData\cocos\editors\Creator\3.8.4\resources\resources\3d\engine\bin\.cache\dev\editor\bundled\index.js:157922:9)
    at doDefine (C:\ProgramData\cocos\editors\Creator\3.8.4\resources\resources\3d\engine\bin\.cache\dev\editor\bundled\index.js:135517:8)
    at define (C:\ProgramData\cocos\editors\Creator\3.8.4\resources\resources\3d\engine\bin\.cache\dev\editor\bundled\index.js:135534:17)
    at CCClass (C:\ProgramData\cocos\editors\Creator\3.8.4\resources\resources\3d\engine\bin\.cache\dev\editor\bundled\index.js:135634:17)
    at eval (C:\ProgramData\cocos\editors\Creator\3.8.4\resources\resources\3d\engine\bin\.cache\dev\editor\bundled\index.js:271795:21)
    at eval (C:\ProgramData\cocos\editors\Creator\3.8.4\resources\resources\3d\engine\bin\.cache\dev\editor\bundled\index.js:272806:18)
    at Object.execute (file:///E:/cocos/project/CrazyGame/temp/programming/packer-driver/targets/editor/chunks/ec/eccd3fbf7fe8f437dfca906872afbae5d052222e.js:46:82)
    at doExec (C:\ProgramData\cocos\editors\Creator\3.8.4\resources\app.asar\node_modules\@editor\lib-programming\static\executor\systemjs-bridge\out\index.js:517:30)
    at postOrderExec (C:\ProgramData\cocos\editors\Creator\3.8.4\resources\app.asar\node_modules\@editor\lib-programming\static\executor\systemjs-bridge\out\index.js:508:21)
    at C:\ProgramData\cocos\editors\Creator\3.8.4\resources\app.asar\node_modules\@editor\lib-programming\static\executor\systemjs-bridge\out\index.js:493:28
    at Array.forEach (<anonymous>)
    at postOrderExec (C:\ProgramData\cocos\editors\Creator\3.8.4\resources\app.asar\node_modules\@editor\lib-programming\static\executor\systemjs-bridge\out\index.js:491:10)
    at C:\ProgramData\cocos\editors\Creator\3.8.4\resources\app.asar\node_modules\@editor\lib-programming\static\executor\systemjs-bridge\out\index.js:440:12
    at file:///E:/cocos/project/CrazyGame/temp/programming/packer-driver/targets/editor/chunks/6d/6d8fd2b0177941b032ddc0733af48a561fb60657.js:13:13
    at Object.execute (file:///E:/cocos/project/CrazyGame/temp/programming/packer-driver/targets/editor/chunks/6d/6d8fd2b0177941b032ddc0733af48a561fb60657.js:8:7)
    at Executor._importPrerequisiteModules (C:\ProgramData\cocos\editors\Creator\3.8.4\resources\app.asar\node_modules\@editor\lib-programming\src\executor\index.ts:316:13)
    at Executor.reload (C:\ProgramData\cocos\editors\Creator\3.8.4\resources\app.asar\node_modules\@editor\lib-programming\src\executor\index.ts:203:13)
    at GlobalEnv.record (C:\ProgramData\cocos\editors\Creator\3.8.4\resources\app.asar\builtin\scene\dist\script\3d\manager\scripts.ccc:1:1732)
    at ScriptManager.init (C:\ProgramData\cocos\editors\Creator\3.8.4\resources\app.asar\builtin\scene\dist\script\3d\manager\scripts.ccc:1:3569)
    at EngineStartup.openEngine (C:\ProgramData\cocos\editors\Creator\3.8.4\resources\app.asar\builtin\scene\dist\script\3d\manager\startup\engine\index.ccc:1:4229)
    at StartupManager.configEngine (C:\ProgramData\cocos\editors\Creator\3.8.4\resources\app.asar\builtin\scene\dist\script\3d\manager\startup\index.ccc:1:1668)
    at StartupManager.initEngine (C:\ProgramData\cocos\editors\Creator\3.8.4\resources\app.asar\builtin\scene\dist\script\3d\manager\startup\index.ccc:1:2173)
2025-4-23 17:06:05 - error: [Scene] A Class already exists with the same __cid__ : CSVManager. Error: [Scene] A Class already exists with the same __cid__ : CSVManager. 
    at console.error (C:\ProgramData\cocos\editors\Creator\3.8.4\resources\app.asar\node_modules\@sentry\src\instrument\console.ts:40:20)
    at error (C:\ProgramData\cocos\editors\Creator\3.8.4\resources\resources\3d\engine\bin\.cache\dev\editor\bundled\index.js:154636:12)
    at errorID (C:\ProgramData\cocos\editors\Creator\3.8.4\resources\resources\3d\engine\bin\.cache\dev\editor\bundled\index.js:154814:5)
    at eval (C:\ProgramData\cocos\editors\Creator\3.8.4\resources\resources\3d\engine\bin\.cache\dev\editor\bundled\index.js:157887:11)
    at Module.setClassName (C:\ProgramData\cocos\editors\Creator\3.8.4\resources\resources\3d\engine\bin\.cache\dev\editor\bundled\index.js:157922:9)
    at doDefine (C:\ProgramData\cocos\editors\Creator\3.8.4\resources\resources\3d\engine\bin\.cache\dev\editor\bundled\index.js:135517:8)
    at define (C:\ProgramData\cocos\editors\Creator\3.8.4\resources\resources\3d\engine\bin\.cache\dev\editor\bundled\index.js:135534:17)
    at CCClass (C:\ProgramData\cocos\editors\Creator\3.8.4\resources\resources\3d\engine\bin\.cache\dev\editor\bundled\index.js:135634:17)
    at eval (C:\ProgramData\cocos\editors\Creator\3.8.4\resources\resources\3d\engine\bin\.cache\dev\editor\bundled\index.js:271795:21)
    at eval (C:\ProgramData\cocos\editors\Creator\3.8.4\resources\resources\3d\engine\bin\.cache\dev\editor\bundled\index.js:272806:18)
    at Object.execute (file:///E:/cocos/project/CrazyGame/temp/programming/packer-driver/targets/editor/chunks/42/42ecc01b13c1785a5981d9ee2b05ebe30678adf5.js:425:73)
    at doExec (C:\ProgramData\cocos\editors\Creator\3.8.4\resources\app.asar\node_modules\@editor\lib-programming\static\executor\systemjs-bridge\out\index.js:517:30)
    at postOrderExec (C:\ProgramData\cocos\editors\Creator\3.8.4\resources\app.asar\node_modules\@editor\lib-programming\static\executor\systemjs-bridge\out\index.js:508:21)
    at C:\ProgramData\cocos\editors\Creator\3.8.4\resources\app.asar\node_modules\@editor\lib-programming\static\executor\systemjs-bridge\out\index.js:493:28
    at Array.forEach (<anonymous>)
    at postOrderExec (C:\ProgramData\cocos\editors\Creator\3.8.4\resources\app.asar\node_modules\@editor\lib-programming\static\executor\systemjs-bridge\out\index.js:491:10)
    at C:\ProgramData\cocos\editors\Creator\3.8.4\resources\app.asar\node_modules\@editor\lib-programming\static\executor\systemjs-bridge\out\index.js:493:28
    at Array.forEach (<anonymous>)
    at postOrderExec (C:\ProgramData\cocos\editors\Creator\3.8.4\resources\app.asar\node_modules\@editor\lib-programming\static\executor\systemjs-bridge\out\index.js:491:10)
    at C:\ProgramData\cocos\editors\Creator\3.8.4\resources\app.asar\node_modules\@editor\lib-programming\static\executor\systemjs-bridge\out\index.js:493:28
    at Array.forEach (<anonymous>)
    at postOrderExec (C:\ProgramData\cocos\editors\Creator\3.8.4\resources\app.asar\node_modules\@editor\lib-programming\static\executor\systemjs-bridge\out\index.js:491:10)
    at C:\ProgramData\cocos\editors\Creator\3.8.4\resources\app.asar\node_modules\@editor\lib-programming\static\executor\systemjs-bridge\out\index.js:440:12
    at file:///E:/cocos/project/CrazyGame/temp/programming/packer-driver/targets/editor/chunks/6d/6d8fd2b0177941b032ddc0733af48a561fb60657.js:13:13
    at Object.execute (file:///E:/cocos/project/CrazyGame/temp/programming/packer-driver/targets/editor/chunks/6d/6d8fd2b0177941b032ddc0733af48a561fb60657.js:8:7)
    at Executor._importPrerequisiteModules (C:\ProgramData\cocos\editors\Creator\3.8.4\resources\app.asar\node_modules\@editor\lib-programming\src\executor\index.ts:316:13)
    at Executor.reload (C:\ProgramData\cocos\editors\Creator\3.8.4\resources\app.asar\node_modules\@editor\lib-programming\src\executor\index.ts:203:13)
    at GlobalEnv.record (C:\ProgramData\cocos\editors\Creator\3.8.4\resources\app.asar\builtin\scene\dist\script\3d\manager\scripts.ccc:1:1732)
    at ScriptManager.init (C:\ProgramData\cocos\editors\Creator\3.8.4\resources\app.asar\builtin\scene\dist\script\3d\manager\scripts.ccc:1:3569)
    at EngineStartup.openEngine (C:\ProgramData\cocos\editors\Creator\3.8.4\resources\app.asar\builtin\scene\dist\script\3d\manager\startup\engine\index.ccc:1:4229)
    at StartupManager.configEngine (C:\ProgramData\cocos\editors\Creator\3.8.4\resources\app.asar\builtin\scene\dist\script\3d\manager\startup\index.ccc:1:1668)
    at StartupManager.initEngine (C:\ProgramData\cocos\editors\Creator\3.8.4\resources\app.asar\builtin\scene\dist\script\3d\manager\startup\index.ccc:1:2173)
2025-4-23 17:06:05 - error: [Scene] A Class already exists with the same __cid__ : ConfigManager. Error: [Scene] A Class already exists with the same __cid__ : ConfigManager. 
    at console.error (C:\ProgramData\cocos\editors\Creator\3.8.4\resources\app.asar\node_modules\@sentry\src\instrument\console.ts:40:20)
    at error (C:\ProgramData\cocos\editors\Creator\3.8.4\resources\resources\3d\engine\bin\.cache\dev\editor\bundled\index.js:154636:12)
    at errorID (C:\ProgramData\cocos\editors\Creator\3.8.4\resources\resources\3d\engine\bin\.cache\dev\editor\bundled\index.js:154814:5)
    at eval (C:\ProgramData\cocos\editors\Creator\3.8.4\resources\resources\3d\engine\bin\.cache\dev\editor\bundled\index.js:157887:11)
    at Module.setClassName (C:\ProgramData\cocos\editors\Creator\3.8.4\resources\resources\3d\engine\bin\.cache\dev\editor\bundled\index.js:157922:9)
    at doDefine (C:\ProgramData\cocos\editors\Creator\3.8.4\resources\resources\3d\engine\bin\.cache\dev\editor\bundled\index.js:135517:8)
    at define (C:\ProgramData\cocos\editors\Creator\3.8.4\resources\resources\3d\engine\bin\.cache\dev\editor\bundled\index.js:135534:17)
    at CCClass (C:\ProgramData\cocos\editors\Creator\3.8.4\resources\resources\3d\engine\bin\.cache\dev\editor\bundled\index.js:135634:17)
    at eval (C:\ProgramData\cocos\editors\Creator\3.8.4\resources\resources\3d\engine\bin\.cache\dev\editor\bundled\index.js:271795:21)
    at eval (C:\ProgramData\cocos\editors\Creator\3.8.4\resources\resources\3d\engine\bin\.cache\dev\editor\bundled\index.js:272806:18)
    at Object.execute (file:///E:/cocos/project/CrazyGame/temp/programming/packer-driver/targets/editor/chunks/bb/bb2dc72fdf8847cb6bb4df67a59acd376229bee4.js:35:82)
    at doExec (C:\ProgramData\cocos\editors\Creator\3.8.4\resources\app.asar\node_modules\@editor\lib-programming\static\executor\systemjs-bridge\out\index.js:517:30)
    at postOrderExec (C:\ProgramData\cocos\editors\Creator\3.8.4\resources\app.asar\node_modules\@editor\lib-programming\static\executor\systemjs-bridge\out\index.js:508:21)
    at C:\ProgramData\cocos\editors\Creator\3.8.4\resources\app.asar\node_modules\@editor\lib-programming\static\executor\systemjs-bridge\out\index.js:493:28
    at Array.forEach (<anonymous>)
    at postOrderExec (C:\ProgramData\cocos\editors\Creator\3.8.4\resources\app.asar\node_modules\@editor\lib-programming\static\executor\systemjs-bridge\out\index.js:491:10)
    at C:\ProgramData\cocos\editors\Creator\3.8.4\resources\app.asar\node_modules\@editor\lib-programming\static\executor\systemjs-bridge\out\index.js:493:28
    at Array.forEach (<anonymous>)
    at postOrderExec (C:\ProgramData\cocos\editors\Creator\3.8.4\resources\app.asar\node_modules\@editor\lib-programming\static\executor\systemjs-bridge\out\index.js:491:10)
    at C:\ProgramData\cocos\editors\Creator\3.8.4\resources\app.asar\node_modules\@editor\lib-programming\static\executor\systemjs-bridge\out\index.js:440:12
    at file:///E:/cocos/project/CrazyGame/temp/programming/packer-driver/targets/editor/chunks/6d/6d8fd2b0177941b032ddc0733af48a561fb60657.js:13:13
    at Object.execute (file:///E:/cocos/project/CrazyGame/temp/programming/packer-driver/targets/editor/chunks/6d/6d8fd2b0177941b032ddc0733af48a561fb60657.js:8:7)
    at Executor._importPrerequisiteModules (C:\ProgramData\cocos\editors\Creator\3.8.4\resources\app.asar\node_modules\@editor\lib-programming\src\executor\index.ts:316:13)
    at Executor.reload (C:\ProgramData\cocos\editors\Creator\3.8.4\resources\app.asar\node_modules\@editor\lib-programming\src\executor\index.ts:203:13)
    at GlobalEnv.record (C:\ProgramData\cocos\editors\Creator\3.8.4\resources\app.asar\builtin\scene\dist\script\3d\manager\scripts.ccc:1:1732)
    at ScriptManager.init (C:\ProgramData\cocos\editors\Creator\3.8.4\resources\app.asar\builtin\scene\dist\script\3d\manager\scripts.ccc:1:3569)
    at EngineStartup.openEngine (C:\ProgramData\cocos\editors\Creator\3.8.4\resources\app.asar\builtin\scene\dist\script\3d\manager\startup\engine\index.ccc:1:4229)
    at StartupManager.configEngine (C:\ProgramData\cocos\editors\Creator\3.8.4\resources\app.asar\builtin\scene\dist\script\3d\manager\startup\index.ccc:1:1668)
    at StartupManager.initEngine (C:\ProgramData\cocos\editors\Creator\3.8.4\resources\app.asar\builtin\scene\dist\script\3d\manager\startup\index.ccc:1:2173)
2025-4-23 17:06:05 - log: [Scene] [PHYSICS]: switch from builtin to bullet.
2025-4-23 17:06:05 - log: [Scene] [PHYSICS2D]: switch from box2d-wasm to box2d.
2025-4-23 17:06:06 - warn: [Scene] Instancing/Batching enabled for non-baked skinning model 'game/soliderMap/solider/axe/RootNode/axe01', this may result in unexpected rendering artifacts. Consider turning it off in the material if you do not intend to do this.Error: [Scene] Instancing/Batching enabled for non-baked skinning model 'game/soliderMap/solider/axe/RootNode/axe01', this may result in unexpected rendering artifacts. Consider turning it off in the material if you do not intend to do this.
    at console.warn (C:\ProgramData\cocos\editors\Creator\3.8.4\resources\app.asar\node_modules\@sentry\src\instrument\console.ts:40:20)
    at warn (C:\ProgramData\cocos\editors\Creator\3.8.4\resources\resources\3d\engine\bin\.cache\dev\editor\bundled\index.js:154623:12)
    at warnID (C:\ProgramData\cocos\editors\Creator\3.8.4\resources\resources\3d\engine\bin\.cache\dev\editor\bundled\index.js:154811:5)
    at SkinningModel._updateInstancedAttributes (C:\ProgramData\cocos\editors\Creator\3.8.4\resources\resources\3d\engine\bin\.cache\dev\editor\bundled\index.js:111913:13)
    at SkinningModel._updateAttributesAndBinding (C:\ProgramData\cocos\editors\Creator\3.8.4\resources\resources\3d\engine\bin\.cache\dev\editor\bundled\index.js:222414:16)
    at SkinningModel.initSubModel (C:\ProgramData\cocos\editors\Creator\3.8.4\resources\resources\3d\engine\bin\.cache\dev\editor\bundled\index.js:222080:16)
    at SkinningModel.initSubModel (C:\ProgramData\cocos\editors\Creator\3.8.4\resources\resources\3d\engine\bin\.cache\dev\editor\bundled\index.js:111515:24)
    at SkinningModel.initSubModel (C:\ProgramData\cocos\editors\Creator\3.8.4\resources\resources\3d\engine\bin\.cache\dev\editor\bundled\index.js:111877:17)
    at SkinnedMeshRenderer._updateModelParams (C:\ProgramData\cocos\editors\Creator\3.8.4\resources\resources\3d\engine\bin\.cache\dev\editor\bundled\index.js:107331:29)
    at SkinnedMeshRenderer._updateModelParams (C:\ProgramData\cocos\editors\Creator\3.8.4\resources\resources\3d\engine\bin\.cache\dev\editor\bundled\index.js:116066:17)
    at SkinnedMeshRenderer._updateModels (C:\ProgramData\cocos\editors\Creator\3.8.4\resources\resources\3d\engine\bin\.cache\dev\editor\bundled\index.js:107238:18)
    at SkinnedMeshRenderer.onLoad (C:\ProgramData\cocos\editors\Creator\3.8.4\resources\resources\3d\engine\bin\.cache\dev\editor\bundled\index.js:106893:16)
    at SkinnedMeshRenderer.onLoad (C:\ProgramData\cocos\editors\Creator\3.8.4\resources\resources\3d\engine\bin\.cache\dev\editor\bundled\index.js:116018:17)
    at eval (C:\ProgramData\cocos\editors\Creator\3.8.4\resources\resources\3d\engine\bin\.cache\dev\editor\bundled\index.js:42467:132)
    at OneOffInvoker.eval [as _invoke] (C:\ProgramData\cocos\editors\Creator\3.8.4\resources\resources\3d\engine\bin\.cache\dev\editor\bundled\index.js:40387:9)
    at OneOffInvoker.invoke (C:\ProgramData\cocos\editors\Creator\3.8.4\resources\resources\3d\engine\bin\.cache\dev\editor\bundled\index.js:40506:18)
    at NodeActivator.activateNode (C:\ProgramData\cocos\editors\Creator\3.8.4\resources\resources\3d\engine\bin\.cache\dev\editor\bundled\index.js:42518:27)
    at Scene._activate (C:\ProgramData\cocos\editors\Creator\3.8.4\resources\resources\3d\engine\bin\.cache\dev\editor\bundled\index.js:49897:44)
    at Director.runSceneImmediate (C:\ProgramData\cocos\editors\Creator\3.8.4\resources\resources\3d\engine\bin\.cache\dev\editor\bundled\index.js:17365:17)
    at C:\ProgramData\cocos\editors\Creator\3.8.4\resources\app.asar\builtin\scene\dist\script\3d\manager\scene\utils.ccc:1:375
    at eval (C:\ProgramData\cocos\editors\Creator\3.8.4\resources\resources\3d\engine\bin\.cache\dev\editor\bundled\index.js:131683:9)
    at eval (C:\ProgramData\cocos\editors\Creator\3.8.4\resources\resources\3d\engine\bin\.cache\dev\editor\bundled\index.js:158769:9)
    at sentryWrapped (C:\ProgramData\cocos\editors\Creator\3.8.4\resources\app.asar\node_modules\src\helpers.ts:100:17)
2025-4-23 17:06:06 - warn: [Scene] Instancing/Batching enabled for non-baked skinning model 'game/soliderMap/solider/axe/RootNode/axe01', this may result in unexpected rendering artifacts. Consider turning it off in the material if you do not intend to do this.Error: [Scene] Instancing/Batching enabled for non-baked skinning model 'game/soliderMap/solider/axe/RootNode/axe01', this may result in unexpected rendering artifacts. Consider turning it off in the material if you do not intend to do this.
    at console.warn (C:\ProgramData\cocos\editors\Creator\3.8.4\resources\app.asar\node_modules\@sentry\src\instrument\console.ts:40:20)
    at warn (C:\ProgramData\cocos\editors\Creator\3.8.4\resources\resources\3d\engine\bin\.cache\dev\editor\bundled\index.js:154623:12)
    at warnID (C:\ProgramData\cocos\editors\Creator\3.8.4\resources\resources\3d\engine\bin\.cache\dev\editor\bundled\index.js:154811:5)
    at SkinningModel._updateInstancedAttributes (C:\ProgramData\cocos\editors\Creator\3.8.4\resources\resources\3d\engine\bin\.cache\dev\editor\bundled\index.js:111913:13)
    at SkinningModel._updateAttributesAndBinding (C:\ProgramData\cocos\editors\Creator\3.8.4\resources\resources\3d\engine\bin\.cache\dev\editor\bundled\index.js:222414:16)
    at SkinningModel.initSubModel (C:\ProgramData\cocos\editors\Creator\3.8.4\resources\resources\3d\engine\bin\.cache\dev\editor\bundled\index.js:222080:16)
    at SkinningModel.initSubModel (C:\ProgramData\cocos\editors\Creator\3.8.4\resources\resources\3d\engine\bin\.cache\dev\editor\bundled\index.js:111515:24)
    at SkinningModel.initSubModel (C:\ProgramData\cocos\editors\Creator\3.8.4\resources\resources\3d\engine\bin\.cache\dev\editor\bundled\index.js:111877:17)
    at SkinnedMeshRenderer._updateModelParams (C:\ProgramData\cocos\editors\Creator\3.8.4\resources\resources\3d\engine\bin\.cache\dev\editor\bundled\index.js:107331:29)
    at SkinnedMeshRenderer._updateModelParams (C:\ProgramData\cocos\editors\Creator\3.8.4\resources\resources\3d\engine\bin\.cache\dev\editor\bundled\index.js:116066:17)
    at SkinnedMeshRenderer._updateModels (C:\ProgramData\cocos\editors\Creator\3.8.4\resources\resources\3d\engine\bin\.cache\dev\editor\bundled\index.js:107238:18)
    at SkinnedMeshRenderer.setUseBakedAnimation (C:\ProgramData\cocos\editors\Creator\3.8.4\resources\resources\3d\engine\bin\.cache\dev\editor\bundled\index.js:116049:18)
    at SkeletalAnimation.notifySkinnedMeshAdded (C:\ProgramData\cocos\editors\Creator\3.8.4\resources\resources\3d\engine\bin\.cache\dev\editor\bundled\index.js:114787:31)
    at SkinnedMeshRenderer._tryBindAnimation (C:\ProgramData\cocos\editors\Creator\3.8.4\resources\resources\3d\engine\bin\.cache\dev\editor\bundled\index.js:116087:23)
    at SkinnedMeshRenderer.onLoad (C:\ProgramData\cocos\editors\Creator\3.8.4\resources\resources\3d\engine\bin\.cache\dev\editor\bundled\index.js:116019:16)
    at eval (C:\ProgramData\cocos\editors\Creator\3.8.4\resources\resources\3d\engine\bin\.cache\dev\editor\bundled\index.js:42467:132)
    at OneOffInvoker.eval [as _invoke] (C:\ProgramData\cocos\editors\Creator\3.8.4\resources\resources\3d\engine\bin\.cache\dev\editor\bundled\index.js:40387:9)
    at OneOffInvoker.invoke (C:\ProgramData\cocos\editors\Creator\3.8.4\resources\resources\3d\engine\bin\.cache\dev\editor\bundled\index.js:40506:18)
    at NodeActivator.activateNode (C:\ProgramData\cocos\editors\Creator\3.8.4\resources\resources\3d\engine\bin\.cache\dev\editor\bundled\index.js:42518:27)
    at Scene._activate (C:\ProgramData\cocos\editors\Creator\3.8.4\resources\resources\3d\engine\bin\.cache\dev\editor\bundled\index.js:49897:44)
    at Director.runSceneImmediate (C:\ProgramData\cocos\editors\Creator\3.8.4\resources\resources\3d\engine\bin\.cache\dev\editor\bundled\index.js:17365:17)
    at C:\ProgramData\cocos\editors\Creator\3.8.4\resources\app.asar\builtin\scene\dist\script\3d\manager\scene\utils.ccc:1:375
    at eval (C:\ProgramData\cocos\editors\Creator\3.8.4\resources\resources\3d\engine\bin\.cache\dev\editor\bundled\index.js:131683:9)
    at eval (C:\ProgramData\cocos\editors\Creator\3.8.4\resources\resources\3d\engine\bin\.cache\dev\editor\bundled\index.js:158769:9)
    at sentryWrapped (C:\ProgramData\cocos\editors\Creator\3.8.4\resources\app.asar\node_modules\src\helpers.ts:100:17)
2025-4-23 17:06:06 - warn: [Scene] Instancing/Batching enabled for non-baked skinning model 'game/soliderMap/solider/axe/RootNode/axe01', this may result in unexpected rendering artifacts. Consider turning it off in the material if you do not intend to do this.Error: [Scene] Instancing/Batching enabled for non-baked skinning model 'game/soliderMap/solider/axe/RootNode/axe01', this may result in unexpected rendering artifacts. Consider turning it off in the material if you do not intend to do this.
    at console.warn (C:\ProgramData\cocos\editors\Creator\3.8.4\resources\app.asar\node_modules\@sentry\src\instrument\console.ts:40:20)
    at warn (C:\ProgramData\cocos\editors\Creator\3.8.4\resources\resources\3d\engine\bin\.cache\dev\editor\bundled\index.js:154623:12)
    at warnID (C:\ProgramData\cocos\editors\Creator\3.8.4\resources\resources\3d\engine\bin\.cache\dev\editor\bundled\index.js:154811:5)
    at SkinningModel._updateInstancedAttributes (C:\ProgramData\cocos\editors\Creator\3.8.4\resources\resources\3d\engine\bin\.cache\dev\editor\bundled\index.js:111913:13)
    at SkinningModel._updateAttributesAndBinding (C:\ProgramData\cocos\editors\Creator\3.8.4\resources\resources\3d\engine\bin\.cache\dev\editor\bundled\index.js:222414:16)
    at SkinningModel.initSubModel (C:\ProgramData\cocos\editors\Creator\3.8.4\resources\resources\3d\engine\bin\.cache\dev\editor\bundled\index.js:222080:16)
    at SkinningModel.initSubModel (C:\ProgramData\cocos\editors\Creator\3.8.4\resources\resources\3d\engine\bin\.cache\dev\editor\bundled\index.js:111515:24)
    at SkinningModel.initSubModel (C:\ProgramData\cocos\editors\Creator\3.8.4\resources\resources\3d\engine\bin\.cache\dev\editor\bundled\index.js:111877:17)
    at SkinnedMeshRenderer._updateModelParams (C:\ProgramData\cocos\editors\Creator\3.8.4\resources\resources\3d\engine\bin\.cache\dev\editor\bundled\index.js:107331:29)
    at SkinnedMeshRenderer._updateModelParams (C:\ProgramData\cocos\editors\Creator\3.8.4\resources\resources\3d\engine\bin\.cache\dev\editor\bundled\index.js:116066:17)
    at SkinnedMeshRenderer._updateModels (C:\ProgramData\cocos\editors\Creator\3.8.4\resources\resources\3d\engine\bin\.cache\dev\editor\bundled\index.js:107238:18)
    at SkinnedMeshRenderer.onLoad (C:\ProgramData\cocos\editors\Creator\3.8.4\resources\resources\3d\engine\bin\.cache\dev\editor\bundled\index.js:106893:16)
    at SkinnedMeshRenderer.onLoad (C:\ProgramData\cocos\editors\Creator\3.8.4\resources\resources\3d\engine\bin\.cache\dev\editor\bundled\index.js:116018:17)
    at eval (C:\ProgramData\cocos\editors\Creator\3.8.4\resources\resources\3d\engine\bin\.cache\dev\editor\bundled\index.js:42467:132)
    at OneOffInvoker.eval [as _invoke] (C:\ProgramData\cocos\editors\Creator\3.8.4\resources\resources\3d\engine\bin\.cache\dev\editor\bundled\index.js:40387:9)
    at OneOffInvoker.invoke (C:\ProgramData\cocos\editors\Creator\3.8.4\resources\resources\3d\engine\bin\.cache\dev\editor\bundled\index.js:40506:18)
    at NodeActivator.activateNode (C:\ProgramData\cocos\editors\Creator\3.8.4\resources\resources\3d\engine\bin\.cache\dev\editor\bundled\index.js:42518:27)
    at Scene._activate (C:\ProgramData\cocos\editors\Creator\3.8.4\resources\resources\3d\engine\bin\.cache\dev\editor\bundled\index.js:49897:44)
    at Director.runSceneImmediate (C:\ProgramData\cocos\editors\Creator\3.8.4\resources\resources\3d\engine\bin\.cache\dev\editor\bundled\index.js:17365:17)
    at C:\ProgramData\cocos\editors\Creator\3.8.4\resources\app.asar\builtin\scene\dist\script\3d\manager\scene\utils.ccc:1:375
    at eval (C:\ProgramData\cocos\editors\Creator\3.8.4\resources\resources\3d\engine\bin\.cache\dev\editor\bundled\index.js:131683:9)
    at eval (C:\ProgramData\cocos\editors\Creator\3.8.4\resources\resources\3d\engine\bin\.cache\dev\editor\bundled\index.js:158769:9)
    at sentryWrapped (C:\ProgramData\cocos\editors\Creator\3.8.4\resources\app.asar\node_modules\src\helpers.ts:100:17)
2025-4-23 17:06:06 - warn: [Scene] Instancing/Batching enabled for non-baked skinning model 'game/soliderMap/solider/axe/RootNode/axe01', this may result in unexpected rendering artifacts. Consider turning it off in the material if you do not intend to do this.Error: [Scene] Instancing/Batching enabled for non-baked skinning model 'game/soliderMap/solider/axe/RootNode/axe01', this may result in unexpected rendering artifacts. Consider turning it off in the material if you do not intend to do this.
    at console.warn (C:\ProgramData\cocos\editors\Creator\3.8.4\resources\app.asar\node_modules\@sentry\src\instrument\console.ts:40:20)
    at warn (C:\ProgramData\cocos\editors\Creator\3.8.4\resources\resources\3d\engine\bin\.cache\dev\editor\bundled\index.js:154623:12)
    at warnID (C:\ProgramData\cocos\editors\Creator\3.8.4\resources\resources\3d\engine\bin\.cache\dev\editor\bundled\index.js:154811:5)
    at SkinningModel._updateInstancedAttributes (C:\ProgramData\cocos\editors\Creator\3.8.4\resources\resources\3d\engine\bin\.cache\dev\editor\bundled\index.js:111913:13)
    at SkinningModel._updateAttributesAndBinding (C:\ProgramData\cocos\editors\Creator\3.8.4\resources\resources\3d\engine\bin\.cache\dev\editor\bundled\index.js:222414:16)
    at SkinningModel.initSubModel (C:\ProgramData\cocos\editors\Creator\3.8.4\resources\resources\3d\engine\bin\.cache\dev\editor\bundled\index.js:222080:16)
    at SkinningModel.initSubModel (C:\ProgramData\cocos\editors\Creator\3.8.4\resources\resources\3d\engine\bin\.cache\dev\editor\bundled\index.js:111515:24)
    at SkinningModel.initSubModel (C:\ProgramData\cocos\editors\Creator\3.8.4\resources\resources\3d\engine\bin\.cache\dev\editor\bundled\index.js:111877:17)
    at SkinnedMeshRenderer._updateModelParams (C:\ProgramData\cocos\editors\Creator\3.8.4\resources\resources\3d\engine\bin\.cache\dev\editor\bundled\index.js:107331:29)
    at SkinnedMeshRenderer._updateModelParams (C:\ProgramData\cocos\editors\Creator\3.8.4\resources\resources\3d\engine\bin\.cache\dev\editor\bundled\index.js:116066:17)
    at SkinnedMeshRenderer._updateModels (C:\ProgramData\cocos\editors\Creator\3.8.4\resources\resources\3d\engine\bin\.cache\dev\editor\bundled\index.js:107238:18)
    at SkinnedMeshRenderer.setUseBakedAnimation (C:\ProgramData\cocos\editors\Creator\3.8.4\resources\resources\3d\engine\bin\.cache\dev\editor\bundled\index.js:116049:18)
    at SkeletalAnimation.notifySkinnedMeshAdded (C:\ProgramData\cocos\editors\Creator\3.8.4\resources\resources\3d\engine\bin\.cache\dev\editor\bundled\index.js:114787:31)
    at SkinnedMeshRenderer._tryBindAnimation (C:\ProgramData\cocos\editors\Creator\3.8.4\resources\resources\3d\engine\bin\.cache\dev\editor\bundled\index.js:116087:23)
    at SkinnedMeshRenderer.onLoad (C:\ProgramData\cocos\editors\Creator\3.8.4\resources\resources\3d\engine\bin\.cache\dev\editor\bundled\index.js:116019:16)
    at eval (C:\ProgramData\cocos\editors\Creator\3.8.4\resources\resources\3d\engine\bin\.cache\dev\editor\bundled\index.js:42467:132)
    at OneOffInvoker.eval [as _invoke] (C:\ProgramData\cocos\editors\Creator\3.8.4\resources\resources\3d\engine\bin\.cache\dev\editor\bundled\index.js:40387:9)
    at OneOffInvoker.invoke (C:\ProgramData\cocos\editors\Creator\3.8.4\resources\resources\3d\engine\bin\.cache\dev\editor\bundled\index.js:40506:18)
    at NodeActivator.activateNode (C:\ProgramData\cocos\editors\Creator\3.8.4\resources\resources\3d\engine\bin\.cache\dev\editor\bundled\index.js:42518:27)
    at Scene._activate (C:\ProgramData\cocos\editors\Creator\3.8.4\resources\resources\3d\engine\bin\.cache\dev\editor\bundled\index.js:49897:44)
    at Director.runSceneImmediate (C:\ProgramData\cocos\editors\Creator\3.8.4\resources\resources\3d\engine\bin\.cache\dev\editor\bundled\index.js:17365:17)
    at C:\ProgramData\cocos\editors\Creator\3.8.4\resources\app.asar\builtin\scene\dist\script\3d\manager\scene\utils.ccc:1:375
    at eval (C:\ProgramData\cocos\editors\Creator\3.8.4\resources\resources\3d\engine\bin\.cache\dev\editor\bundled\index.js:131683:9)
    at eval (C:\ProgramData\cocos\editors\Creator\3.8.4\resources\resources\3d\engine\bin\.cache\dev\editor\bundled\index.js:158769:9)
    at sentryWrapped (C:\ProgramData\cocos\editors\Creator\3.8.4\resources\app.asar\node_modules\src\helpers.ts:100:17)
2025-4-23 17:07:50 - error: Error occurred in handler for 'GUEST_VIEW_MANAGER_CALL': Error: Invalid guestInstanceId: 6
    at getGuestForWebContents (electron/js2c/browser_init.js:181:6307)
    at electron/js2c/browser_init.js:181:5372
    at electron/js2c/browser_init.js:181:1637
    at electron/js2c/browser_init.js:197:579
    at Object.<anonymous> (electron/js2c/browser_init.js:161:9782)
    at Object.emit (events.js:315:20)
    at Object.emit (domain.js:467:12)
    at Object.emit (C:\ProgramData\cocos\editors\Creator\3.8.4\resources\app.asar\node_modules\@sentry\electron\src\src\main\integrations\electron-breadcrumbs.ts:146:16)
